goos: darwin
goarch: arm64
pkg: uk.ac.bris.cs/gameoflife
BenchmarkStudentVersion/512x512x1000-1-8         	       1	5941174250 ns/op
BenchmarkStudentVersion/512x512x1000-1-8         	       1	5714935833 ns/op
BenchmarkStudentVersion/512x512x1000-1-8         	       1	5736155959 ns/op
BenchmarkStudentVersion/512x512x1000-1-8         	       1	5775277916 ns/op
BenchmarkStudentVersion/512x512x1000-1-8         	       1	5927491166 ns/op
BenchmarkStudentVersion/512x512x1000-1-8         	       1	5989863959 ns/op
BenchmarkStudentVersion/512x512x1000-1-8         	       1	5813870625 ns/op
BenchmarkStudentVersion/512x512x1000-1-8         	       1	5658767667 ns/op
BenchmarkStudentVersion/512x512x1000-2-8         	       1	4815350917 ns/op
BenchmarkStudentVersion/512x512x1000-2-8         	       1	4676943250 ns/op
BenchmarkStudentVersion/512x512x1000-2-8         	       1	4683732166 ns/op
BenchmarkStudentVersion/512x512x1000-2-8         	       1	4796087417 ns/op
BenchmarkStudentVersion/512x512x1000-2-8         	       1	4702984541 ns/op
BenchmarkStudentVersion/512x512x1000-2-8         	       1	4662569084 ns/op
BenchmarkStudentVersion/512x512x1000-2-8         	       1	4725947750 ns/op
BenchmarkStudentVersion/512x512x1000-2-8         	       1	4745747084 ns/op
BenchmarkStudentVersion/512x512x1000-3-8         	       1	4938355958 ns/op
BenchmarkStudentVersion/512x512x1000-3-8         	       1	4908734584 ns/op
BenchmarkStudentVersion/512x512x1000-3-8         	       1	4893762666 ns/op
BenchmarkStudentVersion/512x512x1000-3-8         	       1	4918098125 ns/op
BenchmarkStudentVersion/512x512x1000-3-8         	       1	4923186792 ns/op
BenchmarkStudentVersion/512x512x1000-3-8         	       1	4899407667 ns/op
BenchmarkStudentVersion/512x512x1000-3-8         	       1	4895897584 ns/op
BenchmarkStudentVersion/512x512x1000-3-8         	       1	4924449625 ns/op
BenchmarkStudentVersion/512x512x1000-4-8         	       1	5025996917 ns/op
BenchmarkStudentVersion/512x512x1000-4-8         	       1	5015344042 ns/op
BenchmarkStudentVersion/512x512x1000-4-8         	       1	5025308000 ns/op
BenchmarkStudentVersion/512x512x1000-4-8         	       1	5022680750 ns/op
BenchmarkStudentVersion/512x512x1000-4-8         	       1	5019430416 ns/op
BenchmarkStudentVersion/512x512x1000-4-8         	       1	5045275833 ns/op
BenchmarkStudentVersion/512x512x1000-4-8         	       1	5026815208 ns/op
BenchmarkStudentVersion/512x512x1000-4-8         	       1	4986459958 ns/op
BenchmarkStudentVersion/512x512x1000-5-8         	       1	5091948542 ns/op
BenchmarkStudentVersion/512x512x1000-5-8         	       1	5093277125 ns/op
BenchmarkStudentVersion/512x512x1000-5-8         	       1	5068224167 ns/op
BenchmarkStudentVersion/512x512x1000-5-8         	       1	5085914833 ns/op
BenchmarkStudentVersion/512x512x1000-5-8         	       1	5090931833 ns/op
BenchmarkStudentVersion/512x512x1000-5-8         	       1	5092938792 ns/op
BenchmarkStudentVersion/512x512x1000-5-8         	       1	5078898791 ns/op
BenchmarkStudentVersion/512x512x1000-5-8         	       1	5137632875 ns/op
BenchmarkStudentVersion/512x512x1000-6-8         	       1	5228476750 ns/op
BenchmarkStudentVersion/512x512x1000-6-8         	       1	5126703916 ns/op
BenchmarkStudentVersion/512x512x1000-6-8         	       1	5148476792 ns/op
BenchmarkStudentVersion/512x512x1000-6-8         	       1	5248446875 ns/op
BenchmarkStudentVersion/512x512x1000-6-8         	       1	5138138500 ns/op
BenchmarkStudentVersion/512x512x1000-6-8         	       1	5153405458 ns/op
BenchmarkStudentVersion/512x512x1000-6-8         	       1	5154411167 ns/op
BenchmarkStudentVersion/512x512x1000-6-8         	       1	5147606375 ns/op
BenchmarkStudentVersion/512x512x1000-7-8         	       1	5119300292 ns/op
BenchmarkStudentVersion/512x512x1000-7-8         	       1	5119245625 ns/op
BenchmarkStudentVersion/512x512x1000-7-8         	       1	5160655791 ns/op
BenchmarkStudentVersion/512x512x1000-7-8         	       1	5196597333 ns/op
BenchmarkStudentVersion/512x512x1000-7-8         	       1	5155333833 ns/op
BenchmarkStudentVersion/512x512x1000-7-8         	       1	5165246583 ns/op
BenchmarkStudentVersion/512x512x1000-7-8         	       1	5179573000 ns/op
BenchmarkStudentVersion/512x512x1000-7-8         	       1	5160200333 ns/op
BenchmarkStudentVersion/512x512x1000-8-8         	       1	5171052875 ns/op
BenchmarkStudentVersion/512x512x1000-8-8         	       1	5182165292 ns/op
BenchmarkStudentVersion/512x512x1000-8-8         	       1	5135404208 ns/op
BenchmarkStudentVersion/512x512x1000-8-8         	       1	5148186084 ns/op
BenchmarkStudentVersion/512x512x1000-8-8         	       1	5134922792 ns/op
BenchmarkStudentVersion/512x512x1000-8-8         	       1	5151989666 ns/op
BenchmarkStudentVersion/512x512x1000-8-8         	       1	5175885834 ns/op
BenchmarkStudentVersion/512x512x1000-8-8         	       1	5177726000 ns/op
BenchmarkStudentVersion/512x512x1000-9-8         	       1	5185113333 ns/op
BenchmarkStudentVersion/512x512x1000-9-8         	       1	5212552291 ns/op
BenchmarkStudentVersion/512x512x1000-9-8         	       1	5201705666 ns/op
BenchmarkStudentVersion/512x512x1000-9-8         	       1	5186614500 ns/op
BenchmarkStudentVersion/512x512x1000-9-8         	       1	5267593708 ns/op
BenchmarkStudentVersion/512x512x1000-9-8         	       1	5201462000 ns/op
BenchmarkStudentVersion/512x512x1000-9-8         	       1	5328075417 ns/op
BenchmarkStudentVersion/512x512x1000-9-8         	       1	5287927375 ns/op
BenchmarkStudentVersion/512x512x1000-10-8        	       1	5220256875 ns/op
BenchmarkStudentVersion/512x512x1000-10-8        	       1	5234488625 ns/op
BenchmarkStudentVersion/512x512x1000-10-8        	       1	5251762083 ns/op
BenchmarkStudentVersion/512x512x1000-10-8        	       1	5241587125 ns/op
BenchmarkStudentVersion/512x512x1000-10-8        	       1	5180091875 ns/op
BenchmarkStudentVersion/512x512x1000-10-8        	       1	5195923208 ns/op
BenchmarkStudentVersion/512x512x1000-10-8        	       1	5211697458 ns/op
BenchmarkStudentVersion/512x512x1000-10-8        	       1	5214037625 ns/op
BenchmarkStudentVersion/512x512x1000-11-8        	       1	5238492792 ns/op
BenchmarkStudentVersion/512x512x1000-11-8        	       1	5272293584 ns/op
BenchmarkStudentVersion/512x512x1000-11-8        	       1	5202064333 ns/op
BenchmarkStudentVersion/512x512x1000-11-8        	       1	5247245791 ns/op
BenchmarkStudentVersion/512x512x1000-11-8        	       1	5248415625 ns/op
BenchmarkStudentVersion/512x512x1000-11-8        	       1	5267652375 ns/op
BenchmarkStudentVersion/512x512x1000-11-8        	       1	5198733292 ns/op
BenchmarkStudentVersion/512x512x1000-11-8        	       1	5259077667 ns/op
BenchmarkStudentVersion/512x512x1000-12-8        	       1	5268473000 ns/op
BenchmarkStudentVersion/512x512x1000-12-8        	       1	5257850000 ns/op
BenchmarkStudentVersion/512x512x1000-12-8        	       1	5304188833 ns/op
BenchmarkStudentVersion/512x512x1000-12-8        	       1	5388196250 ns/op
BenchmarkStudentVersion/512x512x1000-12-8        	       1	5334380375 ns/op
BenchmarkStudentVersion/512x512x1000-12-8        	       1	5339966792 ns/op
BenchmarkStudentVersion/512x512x1000-12-8        	       1	5327708416 ns/op
BenchmarkStudentVersion/512x512x1000-12-8        	       1	5370990000 ns/op
BenchmarkStudentVersion/512x512x1000-13-8        	       1	5276812208 ns/op
BenchmarkStudentVersion/512x512x1000-13-8        	       1	5309539917 ns/op
BenchmarkStudentVersion/512x512x1000-13-8        	       1	5418404000 ns/op
BenchmarkStudentVersion/512x512x1000-13-8        	       1	5314200167 ns/op
BenchmarkStudentVersion/512x512x1000-13-8        	       1	5274133542 ns/op
BenchmarkStudentVersion/512x512x1000-13-8        	       1	5255226250 ns/op
BenchmarkStudentVersion/512x512x1000-13-8        	       1	5322490958 ns/op
BenchmarkStudentVersion/512x512x1000-13-8        	       1	5340367375 ns/op
BenchmarkStudentVersion/512x512x1000-14-8        	       1	5238169833 ns/op
BenchmarkStudentVersion/512x512x1000-14-8        	       1	5307233084 ns/op
BenchmarkStudentVersion/512x512x1000-14-8        	       1	5290593833 ns/op
BenchmarkStudentVersion/512x512x1000-14-8        	       1	5444910250 ns/op
BenchmarkStudentVersion/512x512x1000-14-8        	       1	5336864250 ns/op
BenchmarkStudentVersion/512x512x1000-14-8        	       1	5345787083 ns/op
BenchmarkStudentVersion/512x512x1000-14-8        	       1	5358264750 ns/op
BenchmarkStudentVersion/512x512x1000-14-8        	       1	5217276958 ns/op
BenchmarkStudentVersion/512x512x1000-15-8        	       1	5234128292 ns/op
BenchmarkStudentVersion/512x512x1000-15-8        	       1	5229601250 ns/op
BenchmarkStudentVersion/512x512x1000-15-8        	       1	5295851291 ns/op
BenchmarkStudentVersion/512x512x1000-15-8        	       1	5226555709 ns/op
BenchmarkStudentVersion/512x512x1000-15-8        	       1	5288574833 ns/op
BenchmarkStudentVersion/512x512x1000-15-8        	       1	5301015750 ns/op
BenchmarkStudentVersion/512x512x1000-15-8        	       1	5285759458 ns/op
BenchmarkStudentVersion/512x512x1000-15-8        	       1	5229732750 ns/op
BenchmarkStudentVersion/512x512x1000-16-8        	       1	5260958417 ns/op
BenchmarkStudentVersion/512x512x1000-16-8        	       1	5310554375 ns/op
BenchmarkStudentVersion/512x512x1000-16-8        	       1	5284199375 ns/op
BenchmarkStudentVersion/512x512x1000-16-8        	       1	5276077083 ns/op
BenchmarkStudentVersion/512x512x1000-16-8        	       1	5331251125 ns/op
BenchmarkStudentVersion/512x512x1000-16-8        	       1	5265882583 ns/op
BenchmarkStudentVersion/512x512x1000-16-8        	       1	5191056292 ns/op
BenchmarkStudentVersion/512x512x1000-16-8        	       1	5276873458 ns/op
ok  	uk.ac.bris.cs/gameoflife	666.178s
